{"/Users/wanheda/game/src/assets/images/Minus.png": {"path":"/Users/wanheda/game/src/assets/images/Minus.png","statementMap":{"0":{"start":{"line":1,"column":0},"end":{"line":4,"column":6}}},"fnMap":{},"branchMap":{},"s":{"0":6},"f":{},"b":{},"_coverageSchema":"43e27e138ebf9cfc5966b082cf9a028302ed4184","hash":"51afd11b24deaa18105584f300e3cee54d0649c2"}
,"/Users/wanheda/game/src/assets/images/Play.png": {"path":"/Users/wanheda/game/src/assets/images/Play.png","statementMap":{"0":{"start":{"line":1,"column":0},"end":{"line":4,"column":6}}},"fnMap":{},"branchMap":{},"s":{"0":6},"f":{},"b":{},"_coverageSchema":"43e27e138ebf9cfc5966b082cf9a028302ed4184","hash":"e61bffc9b2689c26526961edb2eff8aa143bc5d9"}
,"/Users/wanheda/game/src/assets/images/Plus.png": {"path":"/Users/wanheda/game/src/assets/images/Plus.png","statementMap":{"0":{"start":{"line":1,"column":0},"end":{"line":4,"column":6}}},"fnMap":{},"branchMap":{},"s":{"0":6},"f":{},"b":{},"_coverageSchema":"43e27e138ebf9cfc5966b082cf9a028302ed4184","hash":"e9d71ac0f2b1c8a03547cae32244a5f3e1bd669d"}
,"/Users/wanheda/game/src/assets/images/Plusone.png": {"path":"/Users/wanheda/game/src/assets/images/Plusone.png","statementMap":{"0":{"start":{"line":1,"column":0},"end":{"line":4,"column":6}}},"fnMap":{},"branchMap":{},"s":{"0":1},"f":{},"b":{},"_coverageSchema":"43e27e138ebf9cfc5966b082cf9a028302ed4184","hash":"a56a41908b2138438b3a7197c0c228b64be16969"}
,"/Users/wanheda/game/src/assets/images/Timer.png": {"path":"/Users/wanheda/game/src/assets/images/Timer.png","statementMap":{"0":{"start":{"line":1,"column":0},"end":{"line":4,"column":6}}},"fnMap":{},"branchMap":{},"s":{"0":6},"f":{},"b":{},"_coverageSchema":"43e27e138ebf9cfc5966b082cf9a028302ed4184","hash":"5f4c816b45d0a100ea631690d4dd7683bb4a383e"}
,"/Users/wanheda/game/src/assets/images/Zero.png": {"path":"/Users/wanheda/game/src/assets/images/Zero.png","statementMap":{"0":{"start":{"line":1,"column":0},"end":{"line":4,"column":6}}},"fnMap":{},"branchMap":{},"s":{"0":1},"f":{},"b":{},"_coverageSchema":"43e27e138ebf9cfc5966b082cf9a028302ed4184","hash":"1fc6aefad70debb4c726491a0c1362fb45caf192"}
,"/Users/wanheda/game/src/assets/images/beer.png": {"path":"/Users/wanheda/game/src/assets/images/beer.png","statementMap":{"0":{"start":{"line":1,"column":0},"end":{"line":4,"column":6}}},"fnMap":{},"branchMap":{},"s":{"0":1},"f":{},"b":{},"_coverageSchema":"43e27e138ebf9cfc5966b082cf9a028302ed4184","hash":"2f00488203050dc75a992c65e52ca8fb7e5587cf"}
,"/Users/wanheda/game/src/components/index.js": {"path":"/Users/wanheda/game/src/components/index.js","statementMap":{},"fnMap":{},"branchMap":{},"s":{},"f":{},"b":{},"_coverageSchema":"43e27e138ebf9cfc5966b082cf9a028302ed4184","hash":"0a27a5d33ab34e194a2145a6a34939506397d785"}
,"/Users/wanheda/game/src/components/AddButton/index.js": {"path":"/Users/wanheda/game/src/components/AddButton/index.js","statementMap":{"0":{"start":{"line":10,"column":46},"end":{"line":10,"column":52}},"1":{"start":{"line":12,"column":2},"end":{"line":17,"column":4}},"2":{"start":{"line":20,"column":0},"end":{"line":23,"column":2}}},"fnMap":{"0":{"name":"AddButton","decl":{"start":{"line":9,"column":24},"end":{"line":9,"column":33}},"loc":{"start":{"line":9,"column":45},"end":{"line":18,"column":1}},"line":9}},"branchMap":{},"s":{"0":6,"1":6,"2":6},"f":{"0":6},"b":{},"_coverageSchema":"43e27e138ebf9cfc5966b082cf9a028302ed4184","hash":"2d2844d0b5f84fb1ce249ab80f499d38bb523287"}
,"/Users/wanheda/game/src/components/AddButton/styles.js": {"path":"/Users/wanheda/game/src/components/AddButton/styles.js","statementMap":{},"fnMap":{},"branchMap":{},"s":{},"f":{},"b":{},"_coverageSchema":"43e27e138ebf9cfc5966b082cf9a028302ed4184","hash":"7837b087573072c3b7745c353ff7ea5af6462df3"}
,"/Users/wanheda/game/src/components/AnimatedBar/index.js": {"path":"/Users/wanheda/game/src/components/AnimatedBar/index.js","statementMap":{"0":{"start":{"line":9,"column":52},"end":{"line":9,"column":58}},"1":{"start":{"line":12,"column":23},"end":{"line":12,"column":64}},"2":{"start":{"line":13,"column":33},"end":{"line":13,"column":48}},"3":{"start":{"line":15,"column":2},"end":{"line":28,"column":19}},"4":{"start":{"line":16,"column":4},"end":{"line":27,"column":7}},"5":{"start":{"line":22,"column":6},"end":{"line":26,"column":7}},"6":{"start":{"line":23,"column":8},"end":{"line":25,"column":11}},"7":{"start":{"line":24,"column":10},"end":{"line":24,"column":31}},"8":{"start":{"line":30,"column":27},"end":{"line":34,"column":4}},"9":{"start":{"line":36,"column":37},"end":{"line":39,"column":4}},"10":{"start":{"line":41,"column":2},"end":{"line":57,"column":4}},"11":{"start":{"line":60,"column":0},"end":{"line":62,"column":2}}},"fnMap":{"0":{"name":"AnimatedBar","decl":{"start":{"line":11,"column":24},"end":{"line":11,"column":35}},"loc":{"start":{"line":11,"column":45},"end":{"line":58,"column":1}},"line":11},"1":{"name":"(anonymous_1)","decl":{"start":{"line":15,"column":12},"end":{"line":15,"column":13}},"loc":{"start":{"line":15,"column":18},"end":{"line":28,"column":3}},"line":15},"2":{"name":"(anonymous_2)","decl":{"start":{"line":21,"column":13},"end":{"line":21,"column":14}},"loc":{"start":{"line":21,"column":19},"end":{"line":27,"column":5}},"line":21},"3":{"name":"(anonymous_3)","decl":{"start":{"line":23,"column":17},"end":{"line":23,"column":18}},"loc":{"start":{"line":23,"column":32},"end":{"line":25,"column":9}},"line":23}},"branchMap":{"0":{"loc":{"start":{"line":22,"column":6},"end":{"line":26,"column":7}},"type":"if","locations":[{"start":{"line":22,"column":6},"end":{"line":26,"column":7}},{"start":{"line":22,"column":6},"end":{"line":26,"column":7}}],"line":22}},"s":{"0":6,"1":4,"2":4,"3":4,"4":2,"5":2,"6":2,"7":2,"8":4,"9":4,"10":4,"11":6},"f":{"0":4,"1":2,"2":2,"3":2},"b":{"0":[2,0]},"_coverageSchema":"43e27e138ebf9cfc5966b082cf9a028302ed4184","hash":"bd26db8e12ded13eef9c724b840d32872c02cb10"}
,"/Users/wanheda/game/src/components/AnimatedBar/styles.js": {"path":"/Users/wanheda/game/src/components/AnimatedBar/styles.js","statementMap":{},"fnMap":{},"branchMap":{},"s":{},"f":{},"b":{},"_coverageSchema":"43e27e138ebf9cfc5966b082cf9a028302ed4184","hash":"6030961f36597a42226f17764df3d5fc9240a211"}
,"/Users/wanheda/game/src/components/AnswerButton/index.js": {"path":"/Users/wanheda/game/src/components/AnswerButton/index.js","statementMap":{"0":{"start":{"line":8,"column":34},"end":{"line":8,"column":40}},"1":{"start":{"line":10,"column":2},"end":{"line":17,"column":4}},"2":{"start":{"line":20,"column":0},"end":{"line":24,"column":2}}},"fnMap":{"0":{"name":"AnswerButton","decl":{"start":{"line":7,"column":24},"end":{"line":7,"column":36}},"loc":{"start":{"line":7,"column":78},"end":{"line":18,"column":1}},"line":7}},"branchMap":{},"s":{"0":8,"1":8,"2":6},"f":{"0":8},"b":{},"_coverageSchema":"43e27e138ebf9cfc5966b082cf9a028302ed4184","hash":"87a74731989aa3f60d23a508626c68390c536577"}
,"/Users/wanheda/game/src/components/AnswerButton/styles.js": {"path":"/Users/wanheda/game/src/components/AnswerButton/styles.js","statementMap":{},"fnMap":{},"branchMap":{},"s":{},"f":{},"b":{},"_coverageSchema":"43e27e138ebf9cfc5966b082cf9a028302ed4184","hash":"2b6afe80d2ec99ffd24ae26681669af03383f9bb"}
,"/Users/wanheda/game/src/components/Button/index.js": {"path":"/Users/wanheda/game/src/components/Button/index.js","statementMap":{"0":{"start":{"line":20,"column":46},"end":{"line":20,"column":52}},"1":{"start":{"line":22,"column":2},"end":{"line":39,"column":4}},"2":{"start":{"line":42,"column":0},"end":{"line":50,"column":2}},"3":{"start":{"line":52,"column":0},"end":{"line":55,"column":2}}},"fnMap":{"0":{"name":"Button","decl":{"start":{"line":10,"column":24},"end":{"line":10,"column":30}},"loc":{"start":{"line":18,"column":3},"end":{"line":40,"column":1}},"line":18}},"branchMap":{"0":{"loc":{"start":{"line":30,"column":7},"end":{"line":37,"column":7}},"type":"binary-expr","locations":[{"start":{"line":30,"column":7},"end":{"line":30,"column":23}},{"start":{"line":31,"column":8},"end":{"line":36,"column":10}}],"line":30}},"s":{"0":21,"1":21,"2":6,"3":6},"f":{"0":21},"b":{"0":[21,7]},"_coverageSchema":"43e27e138ebf9cfc5966b082cf9a028302ed4184","hash":"eea7bcffd79385639b082c77413d8dec8e10f01c"}
,"/Users/wanheda/game/src/components/Button/styles.js": {"path":"/Users/wanheda/game/src/components/Button/styles.js","statementMap":{},"fnMap":{},"branchMap":{},"s":{},"f":{},"b":{},"_coverageSchema":"43e27e138ebf9cfc5966b082cf9a028302ed4184","hash":"51422cfed42d986cb413f4e2833ff0c2957b855a"}
,"/Users/wanheda/game/src/components/CategoriesList/index.js": {"path":"/Users/wanheda/game/src/components/CategoriesList/index.js","statementMap":{"0":{"start":{"line":9,"column":59},"end":{"line":9,"column":65}},"1":{"start":{"line":11,"column":21},"end":{"line":11,"column":43}},"2":{"start":{"line":13,"column":2},"end":{"line":28,"column":5}},"3":{"start":{"line":15,"column":6},"end":{"line":15,"column":78}},"4":{"start":{"line":16,"column":4},"end":{"line":27,"column":6}},"5":{"start":{"line":18,"column":23},"end":{"line":18,"column":40}},"6":{"start":{"line":31,"column":0},"end":{"line":34,"column":2}}},"fnMap":{"0":{"name":"CategoriesList","decl":{"start":{"line":8,"column":24},"end":{"line":8,"column":38}},"loc":{"start":{"line":8,"column":50},"end":{"line":29,"column":1}},"line":8},"1":{"name":"(anonymous_1)","decl":{"start":{"line":13,"column":24},"end":{"line":13,"column":25}},"loc":{"start":{"line":13,"column":50},"end":{"line":28,"column":3}},"line":13},"2":{"name":"(anonymous_2)","decl":{"start":{"line":18,"column":17},"end":{"line":18,"column":18}},"loc":{"start":{"line":18,"column":23},"end":{"line":18,"column":40}},"line":18}},"branchMap":{"0":{"loc":{"start":{"line":15,"column":6},"end":{"line":15,"column":78}},"type":"cond-expr","locations":[{"start":{"line":15,"column":20},"end":{"line":15,"column":29}},{"start":{"line":15,"column":32},"end":{"line":15,"column":78}}],"line":15},"1":{"loc":{"start":{"line":15,"column":32},"end":{"line":15,"column":78}},"type":"cond-expr","locations":[{"start":{"line":15,"column":59},"end":{"line":15,"column":71}},{"start":{"line":15,"column":74},"end":{"line":15,"column":78}}],"line":15}},"s":{"0":5,"1":5,"2":5,"3":15,"4":15,"5":1,"6":6},"f":{"0":5,"1":15,"2":1},"b":{"0":[5,10],"1":[5,5]},"_coverageSchema":"43e27e138ebf9cfc5966b082cf9a028302ed4184","hash":"f9aee60415a414755a57a79860d15946472bc66e"}
,"/Users/wanheda/game/src/components/CategoriesList/styles.js": {"path":"/Users/wanheda/game/src/components/CategoriesList/styles.js","statementMap":{},"fnMap":{},"branchMap":{},"s":{},"f":{},"b":{},"_coverageSchema":"43e27e138ebf9cfc5966b082cf9a028302ed4184","hash":"7ebf9a7120e26a627d55f89c792c8a643116ef60"}
,"/Users/wanheda/game/src/components/ImageButton/index.js": {"path":"/Users/wanheda/game/src/components/ImageButton/index.js","statementMap":{"0":{"start":{"line":8,"column":33},"end":{"line":8,"column":39}},"1":{"start":{"line":10,"column":2},"end":{"line":18,"column":4}},"2":{"start":{"line":21,"column":0},"end":{"line":25,"column":2}}},"fnMap":{"0":{"name":"Button","decl":{"start":{"line":7,"column":24},"end":{"line":7,"column":30}},"loc":{"start":{"line":7,"column":73},"end":{"line":19,"column":1}},"line":7}},"branchMap":{},"s":{"0":12,"1":12,"2":6},"f":{"0":12},"b":{},"_coverageSchema":"43e27e138ebf9cfc5966b082cf9a028302ed4184","hash":"91b841b01be2cc9e19afd66eeac06bb6fa6cf653"}
,"/Users/wanheda/game/src/components/ImageButton/styles.js": {"path":"/Users/wanheda/game/src/components/ImageButton/styles.js","statementMap":{},"fnMap":{},"branchMap":{},"s":{},"f":{},"b":{},"_coverageSchema":"43e27e138ebf9cfc5966b082cf9a028302ed4184","hash":"330dbd4cf71e84281ac6ea4a5cfc332074382614"}
,"/Users/wanheda/game/src/components/Input/index.js": {"path":"/Users/wanheda/game/src/components/Input/index.js","statementMap":{"0":{"start":{"line":20,"column":35},"end":{"line":20,"column":41}},"1":{"start":{"line":22,"column":2},"end":{"line":37,"column":4}},"2":{"start":{"line":40,"column":0},"end":{"line":48,"column":2}}},"fnMap":{"0":{"name":"Input","decl":{"start":{"line":11,"column":24},"end":{"line":11,"column":29}},"loc":{"start":{"line":19,"column":3},"end":{"line":38,"column":1}},"line":19}},"branchMap":{},"s":{"0":12,"1":12,"2":6},"f":{"0":12},"b":{},"_coverageSchema":"43e27e138ebf9cfc5966b082cf9a028302ed4184","hash":"86889d5c5fc7bd39a33c2f1ab4666fe083b7ba1f"}
,"/Users/wanheda/game/src/components/Input/styles.js": {"path":"/Users/wanheda/game/src/components/Input/styles.js","statementMap":{},"fnMap":{},"branchMap":{},"s":{},"f":{},"b":{},"_coverageSchema":"43e27e138ebf9cfc5966b082cf9a028302ed4184","hash":"f0271f6c06b4b310ef5c5dd018027c9ac2e7d4fb"}
,"/Users/wanheda/game/src/components/LeaderBoard/index.js": {"path":"/Users/wanheda/game/src/components/LeaderBoard/index.js","statementMap":{"0":{"start":{"line":15,"column":4},"end":{"line":15,"column":10}},"1":{"start":{"line":18,"column":29},"end":{"line":18,"column":58}},"2":{"start":{"line":18,"column":52},"end":{"line":18,"column":57}},"3":{"start":{"line":19,"column":2},"end":{"line":30,"column":5}},"4":{"start":{"line":21,"column":6},"end":{"line":21,"column":78}},"5":{"start":{"line":22,"column":4},"end":{"line":29,"column":6}},"6":{"start":{"line":33,"column":0},"end":{"line":35,"column":2}}},"fnMap":{"0":{"name":"LeaderBoard","decl":{"start":{"line":17,"column":24},"end":{"line":17,"column":35}},"loc":{"start":{"line":17,"column":38},"end":{"line":31,"column":1}},"line":17},"1":{"name":"(anonymous_1)","decl":{"start":{"line":18,"column":41},"end":{"line":18,"column":42}},"loc":{"start":{"line":18,"column":52},"end":{"line":18,"column":57}},"line":18},"2":{"name":"(anonymous_2)","decl":{"start":{"line":19,"column":21},"end":{"line":19,"column":22}},"loc":{"start":{"line":19,"column":43},"end":{"line":30,"column":3}},"line":19}},"branchMap":{"0":{"loc":{"start":{"line":21,"column":6},"end":{"line":21,"column":78}},"type":"cond-expr","locations":[{"start":{"line":21,"column":20},"end":{"line":21,"column":29}},{"start":{"line":21,"column":32},"end":{"line":21,"column":78}}],"line":21},"1":{"loc":{"start":{"line":21,"column":32},"end":{"line":21,"column":78}},"type":"cond-expr","locations":[{"start":{"line":21,"column":59},"end":{"line":21,"column":71}},{"start":{"line":21,"column":74},"end":{"line":21,"column":78}}],"line":21}},"s":{"0":6,"1":2,"2":4,"3":2,"4":4,"5":4,"6":6},"f":{"0":2,"1":4,"2":4},"b":{"0":[2,2],"1":[2,0]},"_coverageSchema":"43e27e138ebf9cfc5966b082cf9a028302ed4184","hash":"639567e8156ace392e975c1357d12fd4fc95233c"}
,"/Users/wanheda/game/src/components/LeaderBoard/styles.js": {"path":"/Users/wanheda/game/src/components/LeaderBoard/styles.js","statementMap":{},"fnMap":{},"branchMap":{},"s":{},"f":{},"b":{},"_coverageSchema":"43e27e138ebf9cfc5966b082cf9a028302ed4184","hash":"7c0ed19da2fd279659151bc5014ddd5ae480e756"}
,"/Users/wanheda/game/src/components/ModalList/index.js": {"path":"/Users/wanheda/game/src/components/ModalList/index.js","statementMap":{"0":{"start":{"line":8,"column":22},"end":{"line":8,"column":28}},"1":{"start":{"line":9,"column":2},"end":{"line":13,"column":4}},"2":{"start":{"line":16,"column":0},"end":{"line":20,"column":2}}},"fnMap":{"0":{"name":"ModalList","decl":{"start":{"line":7,"column":24},"end":{"line":7,"column":33}},"loc":{"start":{"line":7,"column":59},"end":{"line":14,"column":1}},"line":7}},"branchMap":{},"s":{"0":5,"1":5,"2":6},"f":{"0":5},"b":{},"_coverageSchema":"43e27e138ebf9cfc5966b082cf9a028302ed4184","hash":"8e4af30d5b27f0d1296cc04099e6daed0d412568"}
,"/Users/wanheda/game/src/components/ModalList/styles.js": {"path":"/Users/wanheda/game/src/components/ModalList/styles.js","statementMap":{},"fnMap":{},"branchMap":{},"s":{},"f":{},"b":{},"_coverageSchema":"43e27e138ebf9cfc5966b082cf9a028302ed4184","hash":"3f201b7bc6442d932a77d2b762adff507085bbc8"}
,"/Users/wanheda/game/src/components/ScreenBackground/index.js": {"path":"/Users/wanheda/game/src/components/ScreenBackground/index.js","statementMap":{"0":{"start":{"line":8,"column":22},"end":{"line":8,"column":28}},"1":{"start":{"line":9,"column":2},"end":{"line":9,"column":51}},"2":{"start":{"line":12,"column":0},"end":{"line":14,"column":2}}},"fnMap":{"0":{"name":"ScreenBackground","decl":{"start":{"line":7,"column":24},"end":{"line":7,"column":40}},"loc":{"start":{"line":7,"column":53},"end":{"line":10,"column":1}},"line":7}},"branchMap":{},"s":{"0":20,"1":20,"2":6},"f":{"0":20},"b":{},"_coverageSchema":"43e27e138ebf9cfc5966b082cf9a028302ed4184","hash":"7b04937d3e27396bda27fec9d59fe1f7d106fc3e"}
,"/Users/wanheda/game/src/components/ScreenBackground/styles.js": {"path":"/Users/wanheda/game/src/components/ScreenBackground/styles.js","statementMap":{},"fnMap":{},"branchMap":{},"s":{},"f":{},"b":{},"_coverageSchema":"43e27e138ebf9cfc5966b082cf9a028302ed4184","hash":"a55ff0e1890db7ed27cb2161f1523c816e35bd65"}
,"/Users/wanheda/game/src/components/TextBackground/index.js": {"path":"/Users/wanheda/game/src/components/TextBackground/index.js","statementMap":{"0":{"start":{"line":8,"column":34},"end":{"line":8,"column":40}},"1":{"start":{"line":9,"column":2},"end":{"line":15,"column":4}},"2":{"start":{"line":18,"column":0},"end":{"line":21,"column":2}},"3":{"start":{"line":23,"column":0},"end":{"line":25,"column":2}}},"fnMap":{"0":{"name":"TextBackground","decl":{"start":{"line":7,"column":24},"end":{"line":7,"column":38}},"loc":{"start":{"line":7,"column":65},"end":{"line":16,"column":1}},"line":7}},"branchMap":{},"s":{"0":7,"1":7,"2":6,"3":6},"f":{"0":7},"b":{},"_coverageSchema":"43e27e138ebf9cfc5966b082cf9a028302ed4184","hash":"174405133d9886efe951e3358b10341be2d2ad68"}
,"/Users/wanheda/game/src/components/TextBackground/styles.js": {"path":"/Users/wanheda/game/src/components/TextBackground/styles.js","statementMap":{},"fnMap":{},"branchMap":{},"s":{},"f":{},"b":{},"_coverageSchema":"43e27e138ebf9cfc5966b082cf9a028302ed4184","hash":"e32cb0ce95797a1fd1b75c5e419ba878b6d06078"}
,"/Users/wanheda/game/src/components/Timer/index.js": {"path":"/Users/wanheda/game/src/components/Timer/index.js","statementMap":{"0":{"start":{"line":13,"column":45},"end":{"line":13,"column":51}},"1":{"start":{"line":15,"column":18},"end":{"line":15,"column":47}},"2":{"start":{"line":15,"column":41},"end":{"line":15,"column":46}},"3":{"start":{"line":16,"column":19},"end":{"line":16,"column":32}},"4":{"start":{"line":18,"column":29},"end":{"line":18,"column":41}},"5":{"start":{"line":19,"column":29},"end":{"line":19,"column":39}},"6":{"start":{"line":21,"column":18},"end":{"line":21,"column":45}},"7":{"start":{"line":21,"column":24},"end":{"line":21,"column":45}},"8":{"start":{"line":23,"column":2},"end":{"line":40,"column":4}},"9":{"start":{"line":35,"column":23},"end":{"line":35,"column":44}}},"fnMap":{"0":{"name":"Timer","decl":{"start":{"line":12,"column":24},"end":{"line":12,"column":29}},"loc":{"start":{"line":12,"column":32},"end":{"line":41,"column":1}},"line":12},"1":{"name":"(anonymous_1)","decl":{"start":{"line":15,"column":30},"end":{"line":15,"column":31}},"loc":{"start":{"line":15,"column":41},"end":{"line":15,"column":46}},"line":15},"2":{"name":"(anonymous_2)","decl":{"start":{"line":21,"column":18},"end":{"line":21,"column":19}},"loc":{"start":{"line":21,"column":24},"end":{"line":21,"column":45}},"line":21},"3":{"name":"(anonymous_3)","decl":{"start":{"line":35,"column":17},"end":{"line":35,"column":18}},"loc":{"start":{"line":35,"column":23},"end":{"line":35,"column":44}},"line":35}},"branchMap":{},"s":{"0":5,"1":5,"2":9,"3":5,"4":5,"5":5,"6":5,"7":1,"8":5,"9":0},"f":{"0":5,"1":9,"2":1,"3":0},"b":{},"_coverageSchema":"43e27e138ebf9cfc5966b082cf9a028302ed4184","hash":"c178483837891adbefac929015867d83fbe03c6c"}
,"/Users/wanheda/game/src/components/Timer/styles.js": {"path":"/Users/wanheda/game/src/components/Timer/styles.js","statementMap":{},"fnMap":{},"branchMap":{},"s":{},"f":{},"b":{},"_coverageSchema":"43e27e138ebf9cfc5966b082cf9a028302ed4184","hash":"e9923cfe12c594f04ea8d11d9534a3cdc70215ab"}
,"/Users/wanheda/game/src/helps/index.js": {"path":"/Users/wanheda/game/src/helps/index.js","statementMap":{"0":{"start":{"line":2,"column":2},"end":{"line":2,"column":53}}},"fnMap":{"0":{"name":"getRandomInt","decl":{"start":{"line":1,"column":24},"end":{"line":1,"column":36}},"loc":{"start":{"line":1,"column":42},"end":{"line":3,"column":1}},"line":1}},"branchMap":{},"s":{"0":1},"f":{"0":1},"b":{},"_coverageSchema":"43e27e138ebf9cfc5966b082cf9a028302ed4184","hash":"d2bb03156a78e319db2a61272dc31784283ed113"}
,"/Users/wanheda/game/src/reducers/categorySlice.js": {"path":"/Users/wanheda/game/src/reducers/categorySlice.js","statementMap":{"0":{"start":{"line":3,"column":22},"end":{"line":11,"column":2}},"1":{"start":{"line":8,"column":5},"end":{"line":8,"column":34}},"2":{"start":{"line":13,"column":32},"end":{"line":13,"column":53}}},"fnMap":{"0":{"name":"(anonymous_0)","decl":{"start":{"line":7,"column":4},"end":{"line":7,"column":5}},"loc":{"start":{"line":7,"column":34},"end":{"line":9,"column":5}},"line":7}},"branchMap":{},"s":{"0":6,"1":1,"2":6},"f":{"0":1},"b":{},"_coverageSchema":"43e27e138ebf9cfc5966b082cf9a028302ed4184","hash":"fb1ca69868a2e097ae33ea7455b75b824b8d62fb"}
,"/Users/wanheda/game/src/reducers/index.js": {"path":"/Users/wanheda/game/src/reducers/index.js","statementMap":{},"fnMap":{},"branchMap":{},"s":{},"f":{},"b":{},"_coverageSchema":"43e27e138ebf9cfc5966b082cf9a028302ed4184","hash":"06d4947b7ab101d7d7b1b6c86c6032d97886c9f8"}
,"/Users/wanheda/game/src/reducers/timerSlice.js": {"path":"/Users/wanheda/game/src/reducers/timerSlice.js","statementMap":{"0":{"start":{"line":3,"column":19},"end":{"line":10,"column":2}},"1":{"start":{"line":7,"column":26},"end":{"line":7,"column":35}},"2":{"start":{"line":8,"column":26},"end":{"line":8,"column":35}},"3":{"start":{"line":12,"column":38},"end":{"line":12,"column":56}}},"fnMap":{"0":{"name":"(anonymous_0)","decl":{"start":{"line":7,"column":15},"end":{"line":7,"column":16}},"loc":{"start":{"line":7,"column":26},"end":{"line":7,"column":35}},"line":7},"1":{"name":"(anonymous_1)","decl":{"start":{"line":8,"column":15},"end":{"line":8,"column":16}},"loc":{"start":{"line":8,"column":26},"end":{"line":8,"column":35}},"line":8}},"branchMap":{},"s":{"0":6,"1":1,"2":0,"3":6},"f":{"0":1,"1":0},"b":{},"_coverageSchema":"43e27e138ebf9cfc5966b082cf9a028302ed4184","hash":"2e19075575735d6ee9dc18fea5073904e6aa86a2"}
,"/Users/wanheda/game/src/reducers/usersSlice.js": {"path":"/Users/wanheda/game/src/reducers/usersSlice.js","statementMap":{"0":{"start":{"line":3,"column":18},"end":{"line":21,"column":2}},"1":{"start":{"line":8,"column":6},"end":{"line":8,"column":44}},"2":{"start":{"line":11,"column":6},"end":{"line":15,"column":7}},"3":{"start":{"line":12,"column":8},"end":{"line":12,"column":38}},"4":{"start":{"line":14,"column":8},"end":{"line":14,"column":39}},"5":{"start":{"line":18,"column":6},"end":{"line":18,"column":58}},"6":{"start":{"line":23,"column":49},"end":{"line":23,"column":66}}},"fnMap":{"0":{"name":"(anonymous_0)","decl":{"start":{"line":7,"column":4},"end":{"line":7,"column":5}},"loc":{"start":{"line":7,"column":28},"end":{"line":9,"column":5}},"line":7},"1":{"name":"(anonymous_1)","decl":{"start":{"line":10,"column":4},"end":{"line":10,"column":5}},"loc":{"start":{"line":10,"column":23},"end":{"line":16,"column":5}},"line":10},"2":{"name":"(anonymous_2)","decl":{"start":{"line":17,"column":4},"end":{"line":17,"column":5}},"loc":{"start":{"line":17,"column":20},"end":{"line":19,"column":5}},"line":17}},"branchMap":{"0":{"loc":{"start":{"line":11,"column":6},"end":{"line":15,"column":7}},"type":"if","locations":[{"start":{"line":11,"column":6},"end":{"line":15,"column":7}},{"start":{"line":11,"column":6},"end":{"line":15,"column":7}}],"line":11}},"s":{"0":6,"1":7,"2":2,"3":1,"4":1,"5":1,"6":6},"f":{"0":7,"1":2,"2":1},"b":{"0":[1,1]},"_coverageSchema":"43e27e138ebf9cfc5966b082cf9a028302ed4184","hash":"b84d5dc30d983444a64afc60aa7724438f744f4c"}
,"/Users/wanheda/game/src/screens/Game/index.js": {"path":"/Users/wanheda/game/src/screens/Game/index.js","statementMap":{"0":{"start":{"line":22,"column":51},"end":{"line":22,"column":57}},"1":{"start":{"line":24,"column":21},"end":{"line":24,"column":33}},"2":{"start":{"line":29,"column":6},"end":{"line":29,"column":35}},"3":{"start":{"line":29,"column":29},"end":{"line":29,"column":34}},"4":{"start":{"line":31,"column":17},"end":{"line":31,"column":45}},"5":{"start":{"line":32,"column":19},"end":{"line":32,"column":32}},"6":{"start":{"line":34,"column":30},"end":{"line":34,"column":44}},"7":{"start":{"line":36,"column":23},"end":{"line":36,"column":52}},"8":{"start":{"line":38,"column":35},"end":{"line":51,"column":14}},"9":{"start":{"line":39,"column":23},"end":{"line":39,"column":65}},"10":{"start":{"line":40,"column":4},"end":{"line":50,"column":5}},"11":{"start":{"line":41,"column":6},"end":{"line":41,"column":40}},"12":{"start":{"line":42,"column":11},"end":{"line":50,"column":5}},"13":{"start":{"line":43,"column":6},"end":{"line":43,"column":27}},"14":{"start":{"line":44,"column":6},"end":{"line":44,"column":30}},"15":{"start":{"line":45,"column":6},"end":{"line":45,"column":41}},"16":{"start":{"line":47,"column":6},"end":{"line":47,"column":27}},"17":{"start":{"line":48,"column":6},"end":{"line":48,"column":30}},"18":{"start":{"line":49,"column":6},"end":{"line":49,"column":39}},"19":{"start":{"line":53,"column":2},"end":{"line":81,"column":4}},"20":{"start":{"line":62,"column":25},"end":{"line":62,"column":37}},"21":{"start":{"line":67,"column":25},"end":{"line":67,"column":37}},"22":{"start":{"line":84,"column":0},"end":{"line":87,"column":2}}},"fnMap":{"0":{"name":"Game","decl":{"start":{"line":21,"column":24},"end":{"line":21,"column":28}},"loc":{"start":{"line":21,"column":50},"end":{"line":82,"column":1}},"line":21},"1":{"name":"(anonymous_1)","decl":{"start":{"line":29,"column":18},"end":{"line":29,"column":19}},"loc":{"start":{"line":29,"column":29},"end":{"line":29,"column":34}},"line":29},"2":{"name":"(anonymous_2)","decl":{"start":{"line":38,"column":47},"end":{"line":38,"column":48}},"loc":{"start":{"line":38,"column":53},"end":{"line":51,"column":3}},"line":38},"3":{"name":"(anonymous_3)","decl":{"start":{"line":62,"column":19},"end":{"line":62,"column":20}},"loc":{"start":{"line":62,"column":25},"end":{"line":62,"column":37}},"line":62},"4":{"name":"(anonymous_4)","decl":{"start":{"line":67,"column":19},"end":{"line":67,"column":20}},"loc":{"start":{"line":67,"column":25},"end":{"line":67,"column":37}},"line":67}},"branchMap":{"0":{"loc":{"start":{"line":36,"column":23},"end":{"line":36,"column":52}},"type":"cond-expr","locations":[{"start":{"line":36,"column":38},"end":{"line":36,"column":42}},{"start":{"line":36,"column":45},"end":{"line":36,"column":52}}],"line":36},"1":{"loc":{"start":{"line":40,"column":4},"end":{"line":50,"column":5}},"type":"if","locations":[{"start":{"line":40,"column":4},"end":{"line":50,"column":5}},{"start":{"line":40,"column":4},"end":{"line":50,"column":5}}],"line":40},"2":{"loc":{"start":{"line":42,"column":11},"end":{"line":50,"column":5}},"type":"if","locations":[{"start":{"line":42,"column":11},"end":{"line":50,"column":5}},{"start":{"line":42,"column":11},"end":{"line":50,"column":5}}],"line":42},"3":{"loc":{"start":{"line":70,"column":7},"end":{"line":79,"column":7}},"type":"binary-expr","locations":[{"start":{"line":70,"column":7},"end":{"line":70,"column":22}},{"start":{"line":71,"column":8},"end":{"line":78,"column":10}}],"line":70}},"s":{"0":4,"1":4,"2":4,"3":6,"4":4,"5":4,"6":4,"7":4,"8":4,"9":2,"10":2,"11":1,"12":1,"13":1,"14":1,"15":1,"16":0,"17":0,"18":0,"19":4,"20":1,"21":1,"22":1},"f":{"0":4,"1":6,"2":2,"3":1,"4":1},"b":{"0":[1,3],"1":[1,1],"2":[1,0],"3":[4,2]},"_coverageSchema":"43e27e138ebf9cfc5966b082cf9a028302ed4184","hash":"6a92b5aa0099a364dcc4fbbb20cebbc083b0f20e"}
,"/Users/wanheda/game/src/screens/Game/styles.js": {"path":"/Users/wanheda/game/src/screens/Game/styles.js","statementMap":{},"fnMap":{},"branchMap":{},"s":{},"f":{},"b":{},"_coverageSchema":"43e27e138ebf9cfc5966b082cf9a028302ed4184","hash":"5e0455d758f639753a00e30d5f6f1119bf3a90be"}
,"/Users/wanheda/game/src/screens/ListPlayers/index.js": {"path":"/Users/wanheda/game/src/screens/ListPlayers/index.js","statementMap":{"0":{"start":{"line":11,"column":59},"end":{"line":11,"column":65}},"1":{"start":{"line":12,"column":38},"end":{"line":15,"column":4}},"2":{"start":{"line":16,"column":28},"end":{"line":16,"column":40}},"3":{"start":{"line":17,"column":29},"end":{"line":17,"column":52}},"4":{"start":{"line":18,"column":19},"end":{"line":18,"column":32}},"5":{"start":{"line":20,"column":20},"end":{"line":23,"column":18}},"6":{"start":{"line":21,"column":20},"end":{"line":21,"column":53}},"7":{"start":{"line":22,"column":4},"end":{"line":22,"column":27}},"8":{"start":{"line":25,"column":29},"end":{"line":30,"column":7}},"9":{"start":{"line":26,"column":4},"end":{"line":28,"column":5}},"10":{"start":{"line":27,"column":6},"end":{"line":27,"column":21}},"11":{"start":{"line":29,"column":4},"end":{"line":29,"column":15}},"12":{"start":{"line":32,"column":35},"end":{"line":43,"column":26}},"13":{"start":{"line":33,"column":4},"end":{"line":42,"column":5}},"14":{"start":{"line":34,"column":6},"end":{"line":34,"column":39}},"15":{"start":{"line":35,"column":20},"end":{"line":38,"column":9}},"16":{"start":{"line":35,"column":46},"end":{"line":38,"column":7}},"17":{"start":{"line":39,"column":6},"end":{"line":39,"column":32}},"18":{"start":{"line":41,"column":6},"end":{"line":41,"column":72}},"19":{"start":{"line":45,"column":2},"end":{"line":83,"column":4}},"20":{"start":{"line":49,"column":29},"end":{"line":53,"column":9}},"21":{"start":{"line":50,"column":25},"end":{"line":50,"column":40}},"22":{"start":{"line":51,"column":10},"end":{"line":51,"column":42}},"23":{"start":{"line":52,"column":10},"end":{"line":52,"column":32}},"24":{"start":{"line":54,"column":36},"end":{"line":58,"column":9}},"25":{"start":{"line":55,"column":25},"end":{"line":55,"column":40}},"26":{"start":{"line":56,"column":10},"end":{"line":56,"column":34}},"27":{"start":{"line":57,"column":10},"end":{"line":57,"column":32}},"28":{"start":{"line":59,"column":28},"end":{"line":59,"column":52}},"29":{"start":{"line":60,"column":8},"end":{"line":71,"column":10}},"30":{"start":{"line":86,"column":0},"end":{"line":88,"column":2}}},"fnMap":{"0":{"name":"ListPlayers","decl":{"start":{"line":10,"column":24},"end":{"line":10,"column":35}},"loc":{"start":{"line":10,"column":50},"end":{"line":84,"column":1}},"line":10},"1":{"name":"(anonymous_1)","decl":{"start":{"line":20,"column":32},"end":{"line":20,"column":33}},"loc":{"start":{"line":20,"column":38},"end":{"line":23,"column":3}},"line":20},"2":{"name":"(anonymous_2)","decl":{"start":{"line":25,"column":47},"end":{"line":25,"column":48}},"loc":{"start":{"line":25,"column":65},"end":{"line":30,"column":3}},"line":25},"3":{"name":"(anonymous_3)","decl":{"start":{"line":32,"column":47},"end":{"line":32,"column":48}},"loc":{"start":{"line":32,"column":53},"end":{"line":43,"column":3}},"line":32},"4":{"name":"(anonymous_4)","decl":{"start":{"line":35,"column":35},"end":{"line":35,"column":36}},"loc":{"start":{"line":35,"column":46},"end":{"line":38,"column":7}},"line":35},"5":{"name":"(anonymous_5)","decl":{"start":{"line":48,"column":22},"end":{"line":48,"column":23}},"loc":{"start":{"line":48,"column":39},"end":{"line":72,"column":7}},"line":48},"6":{"name":"(anonymous_6)","decl":{"start":{"line":49,"column":29},"end":{"line":49,"column":30}},"loc":{"start":{"line":49,"column":39},"end":{"line":53,"column":9}},"line":49},"7":{"name":"(anonymous_7)","decl":{"start":{"line":54,"column":36},"end":{"line":54,"column":37}},"loc":{"start":{"line":54,"column":42},"end":{"line":58,"column":9}},"line":54}},"branchMap":{"0":{"loc":{"start":{"line":26,"column":4},"end":{"line":28,"column":5}},"type":"if","locations":[{"start":{"line":26,"column":4},"end":{"line":28,"column":5}},{"start":{"line":26,"column":4},"end":{"line":28,"column":5}}],"line":26},"1":{"loc":{"start":{"line":33,"column":4},"end":{"line":42,"column":5}},"type":"if","locations":[{"start":{"line":33,"column":4},"end":{"line":42,"column":5}},{"start":{"line":33,"column":4},"end":{"line":42,"column":5}}],"line":33},"2":{"loc":{"start":{"line":59,"column":28},"end":{"line":59,"column":52}},"type":"binary-expr","locations":[{"start":{"line":59,"column":28},"end":{"line":59,"column":39}},{"start":{"line":59,"column":43},"end":{"line":59,"column":52}}],"line":59}},"s":{"0":6,"1":6,"2":6,"3":6,"4":6,"5":6,"6":0,"7":0,"8":6,"9":12,"10":5,"11":7,"12":6,"13":2,"14":1,"15":1,"16":2,"17":1,"18":1,"19":6,"20":12,"21":3,"22":3,"23":3,"24":12,"25":0,"26":0,"27":0,"28":12,"29":12,"30":1},"f":{"0":6,"1":0,"2":12,"3":2,"4":2,"5":12,"6":3,"7":0},"b":{"0":[5,7],"1":[1,1],"2":[12,6]},"_coverageSchema":"43e27e138ebf9cfc5966b082cf9a028302ed4184","hash":"710824cf384cf601e176690f6494c8993271207a"}
,"/Users/wanheda/game/src/screens/ListPlayers/styles.js": {"path":"/Users/wanheda/game/src/screens/ListPlayers/styles.js","statementMap":{},"fnMap":{},"branchMap":{},"s":{},"f":{},"b":{},"_coverageSchema":"43e27e138ebf9cfc5966b082cf9a028302ed4184","hash":"a4640dfe79f4ec68ff733927ecdd3d98586778a9"}
,"/Users/wanheda/game/src/screens/Punishment/index.js": {"path":"/Users/wanheda/game/src/screens/Punishment/index.js","statementMap":{"0":{"start":{"line":15,"column":53},"end":{"line":15,"column":59}},"1":{"start":{"line":17,"column":50},"end":{"line":17,"column":79}},"2":{"start":{"line":17,"column":73},"end":{"line":17,"column":78}},"3":{"start":{"line":18,"column":17},"end":{"line":18,"column":45}},"4":{"start":{"line":19,"column":19},"end":{"line":19,"column":32}},"5":{"start":{"line":22,"column":35},"end":{"line":30,"column":8}},"6":{"start":{"line":23,"column":23},"end":{"line":23,"column":65}},"7":{"start":{"line":24,"column":4},"end":{"line":24,"column":28}},"8":{"start":{"line":25,"column":4},"end":{"line":29,"column":5}},"9":{"start":{"line":26,"column":6},"end":{"line":26,"column":41}},"10":{"start":{"line":28,"column":6},"end":{"line":28,"column":39}},"11":{"start":{"line":32,"column":2},"end":{"line":45,"column":4}},"12":{"start":{"line":48,"column":0},"end":{"line":50,"column":2}}},"fnMap":{"0":{"name":"Punishment","decl":{"start":{"line":14,"column":24},"end":{"line":14,"column":34}},"loc":{"start":{"line":14,"column":49},"end":{"line":46,"column":1}},"line":14},"1":{"name":"(anonymous_1)","decl":{"start":{"line":17,"column":62},"end":{"line":17,"column":63}},"loc":{"start":{"line":17,"column":73},"end":{"line":17,"column":78}},"line":17},"2":{"name":"(anonymous_2)","decl":{"start":{"line":22,"column":47},"end":{"line":22,"column":48}},"loc":{"start":{"line":22,"column":53},"end":{"line":30,"column":3}},"line":22}},"branchMap":{"0":{"loc":{"start":{"line":25,"column":4},"end":{"line":29,"column":5}},"type":"if","locations":[{"start":{"line":25,"column":4},"end":{"line":29,"column":5}},{"start":{"line":25,"column":4},"end":{"line":29,"column":5}}],"line":25}},"s":{"0":2,"1":2,"2":4,"3":2,"4":2,"5":2,"6":1,"7":1,"8":1,"9":0,"10":1,"11":2,"12":1},"f":{"0":2,"1":4,"2":1},"b":{"0":[0,1]},"_coverageSchema":"43e27e138ebf9cfc5966b082cf9a028302ed4184","hash":"8cad1351e6a1e679409f8df7fe1ff5634314f22f"}
,"/Users/wanheda/game/src/screens/Punishment/styles.js": {"path":"/Users/wanheda/game/src/screens/Punishment/styles.js","statementMap":{},"fnMap":{},"branchMap":{},"s":{},"f":{},"b":{},"_coverageSchema":"43e27e138ebf9cfc5966b082cf9a028302ed4184","hash":"759cf0b15d9ab7949e54c2d406683162e31d6ed1"}
,"/Users/wanheda/game/src/screens/Questions/index.js": {"path":"/Users/wanheda/game/src/screens/Questions/index.js","statementMap":{"0":{"start":{"line":16,"column":43},"end":{"line":16,"column":49}},"1":{"start":{"line":20,"column":6},"end":{"line":20,"column":35}},"2":{"start":{"line":20,"column":29},"end":{"line":20,"column":34}},"3":{"start":{"line":21,"column":21},"end":{"line":21,"column":50}},"4":{"start":{"line":21,"column":44},"end":{"line":21,"column":49}},"5":{"start":{"line":22,"column":17},"end":{"line":22,"column":45}},"6":{"start":{"line":24,"column":24},"end":{"line":24,"column":50}},"7":{"start":{"line":25,"column":16},"end":{"line":25,"column":43}},"8":{"start":{"line":26,"column":19},"end":{"line":26,"column":45}},"9":{"start":{"line":28,"column":35},"end":{"line":30,"column":16}},"10":{"start":{"line":29,"column":4},"end":{"line":29,"column":44}},"11":{"start":{"line":32,"column":2},"end":{"line":42,"column":4}},"12":{"start":{"line":45,"column":0},"end":{"line":47,"column":2}}},"fnMap":{"0":{"name":"Questions","decl":{"start":{"line":15,"column":24},"end":{"line":15,"column":33}},"loc":{"start":{"line":15,"column":48},"end":{"line":43,"column":1}},"line":15},"1":{"name":"(anonymous_1)","decl":{"start":{"line":20,"column":18},"end":{"line":20,"column":19}},"loc":{"start":{"line":20,"column":29},"end":{"line":20,"column":34}},"line":20},"2":{"name":"(anonymous_2)","decl":{"start":{"line":21,"column":33},"end":{"line":21,"column":34}},"loc":{"start":{"line":21,"column":44},"end":{"line":21,"column":49}},"line":21},"3":{"name":"(anonymous_3)","decl":{"start":{"line":28,"column":47},"end":{"line":28,"column":48}},"loc":{"start":{"line":28,"column":53},"end":{"line":30,"column":3}},"line":28}},"branchMap":{},"s":{"0":1,"1":1,"2":2,"3":1,"4":2,"5":1,"6":1,"7":1,"8":1,"9":1,"10":0,"11":1,"12":1},"f":{"0":1,"1":2,"2":2,"3":0},"b":{},"_coverageSchema":"43e27e138ebf9cfc5966b082cf9a028302ed4184","hash":"b5f95d504f1429bad5b1bf841001c9295cb9c79d"}
,"/Users/wanheda/game/src/screens/Questions/styles.js": {"path":"/Users/wanheda/game/src/screens/Questions/styles.js","statementMap":{},"fnMap":{},"branchMap":{},"s":{},"f":{},"b":{},"_coverageSchema":"43e27e138ebf9cfc5966b082cf9a028302ed4184","hash":"0ea307f16085dba907d719d59807c2f5e100b8cf"}
,"/Users/wanheda/game/src/screens/ResultTable/index.js": {"path":"/Users/wanheda/game/src/screens/ResultTable/index.js","statementMap":{"0":{"start":{"line":10,"column":56},"end":{"line":10,"column":62}},"1":{"start":{"line":12,"column":35},"end":{"line":14,"column":8}},"2":{"start":{"line":13,"column":4},"end":{"line":13,"column":37}},"3":{"start":{"line":16,"column":2},"end":{"line":28,"column":4}},"4":{"start":{"line":31,"column":0},"end":{"line":34,"column":2}}},"fnMap":{"0":{"name":"ResultTable","decl":{"start":{"line":9,"column":24},"end":{"line":9,"column":35}},"loc":{"start":{"line":9,"column":59},"end":{"line":29,"column":1}},"line":9},"1":{"name":"(anonymous_1)","decl":{"start":{"line":12,"column":47},"end":{"line":12,"column":48}},"loc":{"start":{"line":12,"column":53},"end":{"line":14,"column":3}},"line":12}},"branchMap":{},"s":{"0":2,"1":2,"2":1,"3":2,"4":1},"f":{"0":2,"1":1},"b":{},"_coverageSchema":"43e27e138ebf9cfc5966b082cf9a028302ed4184","hash":"9682644bc0eca623cb9e5a1200e216230949e9e1"}
,"/Users/wanheda/game/src/screens/ResultTable/styles.js": {"path":"/Users/wanheda/game/src/screens/ResultTable/styles.js","statementMap":{},"fnMap":{},"branchMap":{},"s":{},"f":{},"b":{},"_coverageSchema":"43e27e138ebf9cfc5966b082cf9a028302ed4184","hash":"8035372def01bdfd10d2e8710950b0bda26f64f4"}
,"/Users/wanheda/game/src/screens/StartGame/index.js": {"path":"/Users/wanheda/game/src/screens/StartGame/index.js","statementMap":{"0":{"start":{"line":24,"column":6},"end":{"line":24,"column":12}},"1":{"start":{"line":26,"column":38},"end":{"line":26,"column":53}},"2":{"start":{"line":28,"column":21},"end":{"line":28,"column":50}},"3":{"start":{"line":28,"column":44},"end":{"line":28,"column":49}},"4":{"start":{"line":29,"column":19},"end":{"line":29,"column":32}},"5":{"start":{"line":31,"column":22},"end":{"line":39,"column":3}},"6":{"start":{"line":33,"column":6},"end":{"line":33,"column":33}},"7":{"start":{"line":34,"column":6},"end":{"line":36,"column":7}},"8":{"start":{"line":35,"column":8},"end":{"line":35,"column":46}},"9":{"start":{"line":41,"column":35},"end":{"line":43,"column":8}},"10":{"start":{"line":42,"column":4},"end":{"line":42,"column":37}},"11":{"start":{"line":45,"column":2},"end":{"line":67,"column":4}},"12":{"start":{"line":70,"column":0},"end":{"line":72,"column":2}}},"fnMap":{"0":{"name":"StartGame","decl":{"start":{"line":18,"column":24},"end":{"line":18,"column":33}},"loc":{"start":{"line":18,"column":48},"end":{"line":68,"column":1}},"line":18},"1":{"name":"(anonymous_1)","decl":{"start":{"line":28,"column":33},"end":{"line":28,"column":34}},"loc":{"start":{"line":28,"column":44},"end":{"line":28,"column":49}},"line":28},"2":{"name":"(anonymous_2)","decl":{"start":{"line":32,"column":4},"end":{"line":32,"column":5}},"loc":{"start":{"line":32,"column":21},"end":{"line":37,"column":5}},"line":32},"3":{"name":"(anonymous_3)","decl":{"start":{"line":41,"column":47},"end":{"line":41,"column":48}},"loc":{"start":{"line":41,"column":53},"end":{"line":43,"column":3}},"line":41}},"branchMap":{"0":{"loc":{"start":{"line":34,"column":6},"end":{"line":36,"column":7}},"type":"if","locations":[{"start":{"line":34,"column":6},"end":{"line":36,"column":7}},{"start":{"line":34,"column":6},"end":{"line":36,"column":7}}],"line":34}},"s":{"0":5,"1":5,"2":5,"3":9,"4":5,"5":5,"6":2,"7":2,"8":1,"9":5,"10":0,"11":5,"12":1},"f":{"0":5,"1":9,"2":2,"3":0},"b":{"0":[1,1]},"_coverageSchema":"43e27e138ebf9cfc5966b082cf9a028302ed4184","hash":"cdb46f53dfef283934c7eedd27071d09e4f3fbab"}
,"/Users/wanheda/game/src/screens/StartGame/styles.js": {"path":"/Users/wanheda/game/src/screens/StartGame/styles.js","statementMap":{},"fnMap":{},"branchMap":{},"s":{},"f":{},"b":{},"_coverageSchema":"43e27e138ebf9cfc5966b082cf9a028302ed4184","hash":"e8856190f6676e2ad23817db9a7641b750e8288b"}
}
