TN:
SF:/Users/wanheda/game/src/assets/images/Minus.png
FNF:0
FNH:0
DA:1,6
LF:1
LH:1
BRF:0
BRH:0
end_of_record
TN:
SF:/Users/wanheda/game/src/assets/images/Play.png
FNF:0
FNH:0
DA:1,6
LF:1
LH:1
BRF:0
BRH:0
end_of_record
TN:
SF:/Users/wanheda/game/src/assets/images/Plus.png
FNF:0
FNH:0
DA:1,6
LF:1
LH:1
BRF:0
BRH:0
end_of_record
TN:
SF:/Users/wanheda/game/src/assets/images/Plusone.png
FNF:0
FNH:0
DA:1,1
LF:1
LH:1
BRF:0
BRH:0
end_of_record
TN:
SF:/Users/wanheda/game/src/assets/images/Timer.png
FNF:0
FNH:0
DA:1,6
LF:1
LH:1
BRF:0
BRH:0
end_of_record
TN:
SF:/Users/wanheda/game/src/assets/images/Zero.png
FNF:0
FNH:0
DA:1,1
LF:1
LH:1
BRF:0
BRH:0
end_of_record
TN:
SF:/Users/wanheda/game/src/assets/images/beer.png
FNF:0
FNH:0
DA:1,1
LF:1
LH:1
BRF:0
BRH:0
end_of_record
TN:
SF:/Users/wanheda/game/src/components/index.js
FNF:0
FNH:0
LF:0
LH:0
BRF:0
BRH:0
end_of_record
TN:
SF:/Users/wanheda/game/src/components/AddButton/index.js
FN:9,AddButton
FNF:1
FNH:1
FNDA:9,AddButton
DA:10,9
DA:12,9
DA:20,6
LF:3
LH:3
BRF:0
BRH:0
end_of_record
TN:
SF:/Users/wanheda/game/src/components/AddButton/styles.js
FNF:0
FNH:0
LF:0
LH:0
BRF:0
BRH:0
end_of_record
TN:
SF:/Users/wanheda/game/src/components/AnimatedBar/index.js
FN:11,AnimatedBar
FN:15,(anonymous_1)
FN:21,(anonymous_2)
FN:23,(anonymous_3)
FNF:4
FNH:4
FNDA:6,AnimatedBar
FNDA:3,(anonymous_1)
FNDA:3,(anonymous_2)
FNDA:3,(anonymous_3)
DA:9,6
DA:12,6
DA:13,6
DA:15,6
DA:16,3
DA:22,3
DA:23,3
DA:24,3
DA:30,6
DA:36,6
DA:41,6
DA:60,6
LF:12
LH:12
BRDA:22,0,0,3
BRDA:22,0,1,0
BRF:2
BRH:1
end_of_record
TN:
SF:/Users/wanheda/game/src/components/AnimatedBar/styles.js
FNF:0
FNH:0
LF:0
LH:0
BRF:0
BRH:0
end_of_record
TN:
SF:/Users/wanheda/game/src/components/AnswerButton/index.js
FN:7,AnswerButton
FNF:1
FNH:1
FNDA:12,AnswerButton
DA:8,12
DA:10,12
DA:20,6
LF:3
LH:3
BRF:0
BRH:0
end_of_record
TN:
SF:/Users/wanheda/game/src/components/AnswerButton/styles.js
FNF:0
FNH:0
LF:0
LH:0
BRF:0
BRH:0
end_of_record
TN:
SF:/Users/wanheda/game/src/components/Button/index.js
FN:10,Button
FNF:1
FNH:1
FNDA:31,Button
DA:20,31
DA:22,31
DA:42,6
DA:52,6
LF:4
LH:4
BRDA:30,0,0,31
BRDA:30,0,1,9
BRF:2
BRH:2
end_of_record
TN:
SF:/Users/wanheda/game/src/components/Button/styles.js
FNF:0
FNH:0
LF:0
LH:0
BRF:0
BRH:0
end_of_record
TN:
SF:/Users/wanheda/game/src/components/CategoriesList/index.js
FN:8,CategoriesList
FN:13,(anonymous_1)
FN:18,(anonymous_2)
FNF:3
FNH:3
FNDA:7,CategoriesList
FNDA:21,(anonymous_1)
FNDA:1,(anonymous_2)
DA:9,7
DA:11,7
DA:13,7
DA:15,21
DA:16,21
DA:18,1
DA:31,6
LF:7
LH:7
BRDA:15,0,0,7
BRDA:15,0,1,14
BRDA:15,1,0,7
BRDA:15,1,1,7
BRF:4
BRH:4
end_of_record
TN:
SF:/Users/wanheda/game/src/components/CategoriesList/styles.js
FNF:0
FNH:0
LF:0
LH:0
BRF:0
BRH:0
end_of_record
TN:
SF:/Users/wanheda/game/src/components/ImageButton/index.js
FN:7,Button
FNF:1
FNH:1
FNDA:19,Button
DA:13,19
DA:15,19
DA:27,6
LF:3
LH:3
BRF:0
BRH:0
end_of_record
TN:
SF:/Users/wanheda/game/src/components/ImageButton/styles.js
FNF:0
FNH:0
LF:0
LH:0
BRF:0
BRH:0
end_of_record
TN:
SF:/Users/wanheda/game/src/components/Input/index.js
FN:11,Input
FNF:1
FNH:1
FNDA:19,Input
DA:20,19
DA:22,19
DA:41,6
LF:3
LH:3
BRF:0
BRH:0
end_of_record
TN:
SF:/Users/wanheda/game/src/components/Input/styles.js
FNF:0
FNH:0
LF:0
LH:0
BRF:0
BRH:0
end_of_record
TN:
SF:/Users/wanheda/game/src/components/LeaderBoard/index.js
FN:17,LeaderBoard
FN:18,(anonymous_1)
FN:19,(anonymous_2)
FNF:3
FNH:3
FNDA:2,LeaderBoard
FNDA:4,(anonymous_1)
FNDA:4,(anonymous_2)
DA:15,6
DA:18,4
DA:19,2
DA:21,4
DA:22,4
DA:33,6
LF:6
LH:6
BRDA:21,0,0,2
BRDA:21,0,1,2
BRDA:21,1,0,2
BRDA:21,1,1,0
BRF:4
BRH:3
end_of_record
TN:
SF:/Users/wanheda/game/src/components/LeaderBoard/styles.js
FNF:0
FNH:0
LF:0
LH:0
BRF:0
BRH:0
end_of_record
TN:
SF:/Users/wanheda/game/src/components/ModalList/index.js
FN:7,ModalList
FNF:1
FNH:1
FNDA:7,ModalList
DA:8,7
DA:9,7
DA:16,6
LF:3
LH:3
BRF:0
BRH:0
end_of_record
TN:
SF:/Users/wanheda/game/src/components/ModalList/styles.js
FNF:0
FNH:0
LF:0
LH:0
BRF:0
BRH:0
end_of_record
TN:
SF:/Users/wanheda/game/src/components/ScreenBackground/index.js
FN:7,ScreenBackground
FNF:1
FNH:1
FNDA:30,ScreenBackground
DA:8,30
DA:9,30
DA:12,6
LF:3
LH:3
BRF:0
BRH:0
end_of_record
TN:
SF:/Users/wanheda/game/src/components/ScreenBackground/styles.js
FNF:0
FNH:0
LF:0
LH:0
BRF:0
BRH:0
end_of_record
TN:
SF:/Users/wanheda/game/src/components/TextBackground/index.js
FN:7,TextBackground
FNF:1
FNH:1
FNDA:12,TextBackground
DA:8,12
DA:9,12
DA:18,6
DA:23,6
LF:4
LH:4
BRF:0
BRH:0
end_of_record
TN:
SF:/Users/wanheda/game/src/components/TextBackground/styles.js
FNF:0
FNH:0
LF:0
LH:0
BRF:0
BRH:0
end_of_record
TN:
SF:/Users/wanheda/game/src/components/Timer/index.js
FN:12,Timer
FN:15,(anonymous_1)
FN:21,(anonymous_2)
FN:35,(anonymous_3)
FNF:4
FNH:4
FNDA:7,Timer
FNDA:13,(anonymous_1)
FNDA:1,(anonymous_2)
FNDA:1,(anonymous_3)
DA:13,7
DA:15,13
DA:16,7
DA:18,7
DA:19,7
DA:21,7
DA:23,7
DA:35,1
LF:8
LH:8
BRF:0
BRH:0
end_of_record
TN:
SF:/Users/wanheda/game/src/components/Timer/styles.js
FNF:0
FNH:0
LF:0
LH:0
BRF:0
BRH:0
end_of_record
TN:
SF:/Users/wanheda/game/src/helps/index.js
FN:1,getRandomInt
FNF:1
FNH:1
FNDA:2,getRandomInt
DA:2,2
LF:1
LH:1
BRF:0
BRH:0
end_of_record
TN:
SF:/Users/wanheda/game/src/reducers/categorySlice.js
FN:7,(anonymous_0)
FNF:1
FNH:1
FNDA:1,(anonymous_0)
DA:3,6
DA:8,1
DA:13,6
LF:3
LH:3
BRF:0
BRH:0
end_of_record
TN:
SF:/Users/wanheda/game/src/reducers/index.js
FNF:0
FNH:0
LF:0
LH:0
BRF:0
BRH:0
end_of_record
TN:
SF:/Users/wanheda/game/src/reducers/timerSlice.js
FN:7,(anonymous_0)
FN:8,(anonymous_1)
FNF:2
FNH:2
FNDA:1,(anonymous_0)
FNDA:1,(anonymous_1)
DA:3,6
DA:7,1
DA:8,1
DA:12,6
LF:4
LH:4
BRF:0
BRH:0
end_of_record
TN:
SF:/Users/wanheda/game/src/reducers/usersSlice.js
FN:7,(anonymous_0)
FN:10,(anonymous_1)
FN:17,(anonymous_2)
FNF:3
FNH:3
FNDA:11,(anonymous_0)
FNDA:5,(anonymous_1)
FNDA:2,(anonymous_2)
DA:3,6
DA:8,11
DA:11,5
DA:12,1
DA:14,4
DA:18,2
DA:23,6
LF:7
LH:7
BRDA:11,0,0,1
BRDA:11,0,1,4
BRF:2
BRH:2
end_of_record
TN:
SF:/Users/wanheda/game/src/screens/Game/index.js
FN:21,Game
FN:29,(anonymous_1)
FN:38,(anonymous_2)
FN:62,(anonymous_3)
FN:67,(anonymous_4)
FNF:5
FNH:5
FNDA:6,Game
FNDA:9,(anonymous_1)
FNDA:3,(anonymous_2)
FNDA:2,(anonymous_3)
FNDA:1,(anonymous_4)
DA:22,6
DA:24,6
DA:29,9
DA:31,6
DA:32,6
DA:34,6
DA:36,6
DA:38,6
DA:39,3
DA:40,3
DA:41,1
DA:42,2
DA:43,0
DA:44,0
DA:45,0
DA:47,2
DA:48,2
DA:49,2
DA:53,6
DA:62,2
DA:67,1
DA:84,1
LF:22
LH:19
BRDA:36,0,0,1
BRDA:36,0,1,5
BRDA:40,1,0,1
BRDA:40,1,1,2
BRDA:42,2,0,0
BRDA:42,2,1,2
BRDA:70,3,0,6
BRDA:70,3,1,3
BRF:8
BRH:7
end_of_record
TN:
SF:/Users/wanheda/game/src/screens/Game/styles.js
FNF:0
FNH:0
LF:0
LH:0
BRF:0
BRH:0
end_of_record
TN:
SF:/Users/wanheda/game/src/screens/ListPlayers/index.js
FN:10,ListPlayers
FN:20,(anonymous_1)
FN:25,(anonymous_2)
FN:32,(anonymous_3)
FN:35,(anonymous_4)
FN:48,(anonymous_5)
FN:49,(anonymous_6)
FN:54,(anonymous_7)
FNF:8
FNH:8
FNDA:9,ListPlayers
FNDA:1,(anonymous_1)
FNDA:19,(anonymous_2)
FNDA:2,(anonymous_3)
FNDA:2,(anonymous_4)
FNDA:19,(anonymous_5)
FNDA:3,(anonymous_6)
FNDA:1,(anonymous_7)
DA:11,9
DA:12,9
DA:16,9
DA:17,9
DA:18,9
DA:20,9
DA:21,1
DA:22,1
DA:25,9
DA:26,19
DA:27,5
DA:29,14
DA:32,9
DA:33,2
DA:34,1
DA:35,2
DA:39,1
DA:41,1
DA:45,9
DA:49,19
DA:50,3
DA:51,3
DA:52,3
DA:54,19
DA:55,1
DA:56,1
DA:57,1
DA:59,19
DA:60,19
DA:86,1
LF:30
LH:30
BRDA:26,0,0,5
BRDA:26,0,1,14
BRDA:33,1,0,1
BRDA:33,1,1,1
BRDA:59,2,0,19
BRDA:59,2,1,9
BRF:6
BRH:6
end_of_record
TN:
SF:/Users/wanheda/game/src/screens/ListPlayers/styles.js
FNF:0
FNH:0
LF:0
LH:0
BRF:0
BRH:0
end_of_record
TN:
SF:/Users/wanheda/game/src/screens/Punishment/index.js
FN:14,Punishment
FN:17,(anonymous_1)
FN:22,(anonymous_2)
FNF:3
FNH:3
FNDA:4,Punishment
FNDA:8,(anonymous_1)
FNDA:2,(anonymous_2)
DA:15,4
DA:17,8
DA:18,4
DA:19,4
DA:22,4
DA:23,2
DA:24,2
DA:25,2
DA:26,1
DA:28,1
DA:32,4
DA:48,1
LF:12
LH:12
BRDA:25,0,0,1
BRDA:25,0,1,1
BRF:2
BRH:2
end_of_record
TN:
SF:/Users/wanheda/game/src/screens/Punishment/styles.js
FNF:0
FNH:0
LF:0
LH:0
BRF:0
BRH:0
end_of_record
TN:
SF:/Users/wanheda/game/src/screens/Questions/index.js
FN:15,Questions
FN:20,(anonymous_1)
FN:21,(anonymous_2)
FN:28,(anonymous_3)
FNF:4
FNH:4
FNDA:2,Questions
FNDA:4,(anonymous_1)
FNDA:4,(anonymous_2)
FNDA:1,(anonymous_3)
DA:16,2
DA:20,4
DA:21,4
DA:22,2
DA:24,2
DA:25,2
DA:26,2
DA:28,2
DA:29,1
DA:32,2
DA:45,1
LF:11
LH:11
BRF:0
BRH:0
end_of_record
TN:
SF:/Users/wanheda/game/src/screens/Questions/styles.js
FNF:0
FNH:0
LF:0
LH:0
BRF:0
BRH:0
end_of_record
TN:
SF:/Users/wanheda/game/src/screens/ResultTable/index.js
FN:9,ResultTable
FN:12,(anonymous_1)
FNF:2
FNH:2
FNDA:2,ResultTable
FNDA:1,(anonymous_1)
DA:10,2
DA:12,2
DA:13,1
DA:16,2
DA:31,1
LF:5
LH:5
BRF:0
BRH:0
end_of_record
TN:
SF:/Users/wanheda/game/src/screens/ResultTable/styles.js
FNF:0
FNH:0
LF:0
LH:0
BRF:0
BRH:0
end_of_record
TN:
SF:/Users/wanheda/game/src/screens/StartGame/index.js
FN:18,StartGame
FN:28,(anonymous_1)
FN:32,(anonymous_2)
FN:41,(anonymous_3)
FNF:4
FNH:4
FNDA:7,StartGame
FNDA:13,(anonymous_1)
FNDA:2,(anonymous_2)
FNDA:1,(anonymous_3)
DA:24,7
DA:26,7
DA:28,13
DA:29,7
DA:31,7
DA:33,2
DA:34,2
DA:35,1
DA:41,7
DA:42,1
DA:45,7
DA:70,1
LF:12
LH:12
BRDA:34,0,0,1
BRDA:34,0,1,1
BRF:2
BRH:2
end_of_record
TN:
SF:/Users/wanheda/game/src/screens/StartGame/styles.js
FNF:0
FNH:0
LF:0
LH:0
BRF:0
BRH:0
end_of_record
