TN:
SF:/Users/wanheda/game/src/assets/images/Minus.png
FNF:0
FNH:0
DA:1,2
LF:1
LH:1
BRF:0
BRH:0
end_of_record
TN:
SF:/Users/wanheda/game/src/assets/images/Play.png
FNF:0
FNH:0
DA:1,2
LF:1
LH:1
BRF:0
BRH:0
end_of_record
TN:
SF:/Users/wanheda/game/src/assets/images/Plus.png
FNF:0
FNH:0
DA:1,2
LF:1
LH:1
BRF:0
BRH:0
end_of_record
TN:
SF:/Users/wanheda/game/src/assets/images/Timer.png
FNF:0
FNH:0
DA:1,2
LF:1
LH:1
BRF:0
BRH:0
end_of_record
TN:
SF:/Users/wanheda/game/src/components/index.js
FNF:0
FNH:0
LF:0
LH:0
BRF:0
BRH:0
end_of_record
TN:
SF:/Users/wanheda/game/src/components/AddButton/index.js
FN:9,AddButton
FNF:1
FNH:1
FNDA:6,AddButton
DA:10,6
DA:12,6
DA:20,2
LF:3
LH:3
BRF:0
BRH:0
end_of_record
TN:
SF:/Users/wanheda/game/src/components/AddButton/styles.js
FNF:0
FNH:0
LF:0
LH:0
BRF:0
BRH:0
end_of_record
TN:
SF:/Users/wanheda/game/src/components/AnimatedBar/index.js
FN:11,AnimatedBar
FN:15,(anonymous_1)
FN:21,(anonymous_2)
FN:23,(anonymous_3)
FNF:4
FNH:0
FNDA:0,AnimatedBar
FNDA:0,(anonymous_1)
FNDA:0,(anonymous_2)
FNDA:0,(anonymous_3)
DA:9,2
DA:12,0
DA:13,0
DA:15,0
DA:16,0
DA:22,0
DA:23,0
DA:24,0
DA:30,0
DA:36,0
DA:41,0
DA:60,2
LF:12
LH:2
BRDA:22,0,0,0
BRDA:22,0,1,0
BRF:2
BRH:0
end_of_record
TN:
SF:/Users/wanheda/game/src/components/AnimatedBar/styles.js
FNF:0
FNH:0
LF:0
LH:0
BRF:0
BRH:0
end_of_record
TN:
SF:/Users/wanheda/game/src/components/AnswerButton/index.js
FN:7,AnswerButton
FNF:1
FNH:0
FNDA:0,AnswerButton
DA:8,0
DA:10,0
DA:20,2
LF:3
LH:1
BRF:0
BRH:0
end_of_record
TN:
SF:/Users/wanheda/game/src/components/AnswerButton/styles.js
FNF:0
FNH:0
LF:0
LH:0
BRF:0
BRH:0
end_of_record
TN:
SF:/Users/wanheda/game/src/components/Button/index.js
FN:10,Button
FNF:1
FNH:1
FNDA:12,Button
DA:19,12
DA:21,12
DA:40,2
DA:49,2
LF:4
LH:4
BRDA:28,0,0,12
BRDA:28,0,1,3
BRF:2
BRH:2
end_of_record
TN:
SF:/Users/wanheda/game/src/components/Button/styles.js
FNF:0
FNH:0
LF:0
LH:0
BRF:0
BRH:0
end_of_record
TN:
SF:/Users/wanheda/game/src/components/CategoriesList/index.js
FN:8,CategoriesList
FN:13,(anonymous_1)
FN:18,(anonymous_2)
FNF:3
FNH:2
FNDA:3,CategoriesList
FNDA:9,(anonymous_1)
FNDA:0,(anonymous_2)
DA:9,3
DA:11,3
DA:13,3
DA:15,9
DA:16,9
DA:18,0
DA:29,2
LF:7
LH:6
BRDA:15,0,0,3
BRDA:15,0,1,6
BRDA:15,1,0,3
BRDA:15,1,1,3
BRF:4
BRH:4
end_of_record
TN:
SF:/Users/wanheda/game/src/components/CategoriesList/styles.js
FNF:0
FNH:0
LF:0
LH:0
BRF:0
BRH:0
end_of_record
TN:
SF:/Users/wanheda/game/src/components/ImageButton/index.js
FN:7,Button
FNF:1
FNH:1
FNDA:12,Button
DA:8,12
DA:10,12
DA:21,2
LF:3
LH:3
BRF:0
BRH:0
end_of_record
TN:
SF:/Users/wanheda/game/src/components/ImageButton/styles.js
FNF:0
FNH:0
LF:0
LH:0
BRF:0
BRH:0
end_of_record
TN:
SF:/Users/wanheda/game/src/components/Input/index.js
FN:11,Input
FNF:1
FNH:1
FNDA:12,Input
DA:20,12
DA:22,12
DA:40,2
LF:3
LH:3
BRF:0
BRH:0
end_of_record
TN:
SF:/Users/wanheda/game/src/components/Input/styles.js
FNF:0
FNH:0
LF:0
LH:0
BRF:0
BRH:0
end_of_record
TN:
SF:/Users/wanheda/game/src/components/LeaderBoard/index.js
FN:17,LeaderBoard
FN:18,(anonymous_1)
FN:19,(anonymous_2)
FNF:3
FNH:0
FNDA:0,LeaderBoard
FNDA:0,(anonymous_1)
FNDA:0,(anonymous_2)
DA:15,2
DA:18,0
DA:19,0
DA:21,0
DA:22,0
DA:33,2
LF:6
LH:2
BRDA:21,0,0,0
BRDA:21,0,1,0
BRDA:21,1,0,0
BRDA:21,1,1,0
BRF:4
BRH:0
end_of_record
TN:
SF:/Users/wanheda/game/src/components/LeaderBoard/styles.js
FNF:0
FNH:0
LF:0
LH:0
BRF:0
BRH:0
end_of_record
TN:
SF:/Users/wanheda/game/src/components/ModalList/index.js
FN:7,ModalList
FNF:1
FNH:1
FNDA:3,ModalList
DA:8,3
DA:9,3
DA:16,2
LF:3
LH:3
BRF:0
BRH:0
end_of_record
TN:
SF:/Users/wanheda/game/src/components/ModalList/styles.js
FNF:0
FNH:0
LF:0
LH:0
BRF:0
BRH:0
end_of_record
TN:
SF:/Users/wanheda/game/src/components/ScreenBackground/index.js
FN:7,ScreenBackground
FNF:1
FNH:1
FNDA:9,ScreenBackground
DA:8,9
DA:9,9
DA:12,2
LF:3
LH:3
BRF:0
BRH:0
end_of_record
TN:
SF:/Users/wanheda/game/src/components/ScreenBackground/styles.js
FNF:0
FNH:0
LF:0
LH:0
BRF:0
BRH:0
end_of_record
TN:
SF:/Users/wanheda/game/src/components/TextBackground/index.js
FN:7,TextBackground
FNF:1
FNH:0
FNDA:0,TextBackground
DA:8,0
DA:9,0
DA:16,2
DA:21,2
LF:4
LH:2
BRF:0
BRH:0
end_of_record
TN:
SF:/Users/wanheda/game/src/components/TextBackground/styles.js
FNF:0
FNH:0
LF:0
LH:0
BRF:0
BRH:0
end_of_record
TN:
SF:/Users/wanheda/game/src/components/Timer/index.js
FN:13,Timer
FN:16,(anonymous_1)
FN:22,(anonymous_2)
FN:36,(anonymous_3)
FNF:4
FNH:3
FNDA:3,Timer
FNDA:6,(anonymous_1)
FNDA:2,(anonymous_2)
FNDA:0,(anonymous_3)
DA:14,3
DA:16,6
DA:17,3
DA:19,3
DA:20,3
DA:22,3
DA:24,3
DA:36,0
LF:8
LH:7
BRF:0
BRH:0
end_of_record
TN:
SF:/Users/wanheda/game/src/components/Timer/styles.js
FNF:0
FNH:0
LF:0
LH:0
BRF:0
BRH:0
end_of_record
TN:
SF:/Users/wanheda/game/src/reducers/categorySlice.js
FN:7,(anonymous_0)
FNF:1
FNH:0
FNDA:0,(anonymous_0)
DA:3,2
DA:8,0
DA:13,2
LF:3
LH:2
BRF:0
BRH:0
end_of_record
TN:
SF:/Users/wanheda/game/src/reducers/index.js
FNF:0
FNH:0
LF:0
LH:0
BRF:0
BRH:0
end_of_record
TN:
SF:/Users/wanheda/game/src/reducers/timerSlice.js
FN:7,(anonymous_0)
FN:8,(anonymous_1)
FNF:2
FNH:1
FNDA:2,(anonymous_0)
FNDA:0,(anonymous_1)
DA:3,2
DA:7,2
DA:8,0
DA:12,2
LF:4
LH:3
BRF:0
BRH:0
end_of_record
TN:
SF:/Users/wanheda/game/src/reducers/usersSlice.js
FN:7,(anonymous_0)
FN:10,(anonymous_1)
FN:17,(anonymous_2)
FNF:3
FNH:1
FNDA:1,(anonymous_0)
FNDA:0,(anonymous_1)
FNDA:0,(anonymous_2)
DA:3,2
DA:8,1
DA:11,0
DA:12,0
DA:14,0
DA:18,0
DA:23,2
LF:7
LH:3
BRDA:11,0,0,0
BRDA:11,0,1,0
BRF:2
BRH:0
end_of_record
TN:
SF:/Users/wanheda/game/src/screens/ListPlayers/index.js
FN:10,ListPlayers
FN:20,(anonymous_1)
FN:25,(anonymous_2)
FN:32,(anonymous_3)
FN:35,(anonymous_4)
FN:48,(anonymous_5)
FN:49,(anonymous_6)
FN:54,(anonymous_7)
FNF:8
FNH:6
FNDA:6,ListPlayers
FNDA:0,(anonymous_1)
FNDA:12,(anonymous_2)
FNDA:2,(anonymous_3)
FNDA:2,(anonymous_4)
FNDA:12,(anonymous_5)
FNDA:3,(anonymous_6)
FNDA:0,(anonymous_7)
DA:11,6
DA:12,6
DA:16,6
DA:17,6
DA:18,6
DA:20,6
DA:21,0
DA:22,0
DA:25,6
DA:26,12
DA:27,5
DA:29,7
DA:32,6
DA:33,2
DA:34,1
DA:35,2
DA:39,1
DA:41,1
DA:45,6
DA:49,12
DA:50,3
DA:51,3
DA:52,3
DA:54,12
DA:55,0
DA:56,0
DA:57,0
DA:59,12
DA:60,12
DA:86,1
LF:30
LH:25
BRDA:26,0,0,5
BRDA:26,0,1,7
BRDA:33,1,0,1
BRDA:33,1,1,1
BRDA:59,2,0,12
BRDA:59,2,1,6
BRF:6
BRH:6
end_of_record
TN:
SF:/Users/wanheda/game/src/screens/ListPlayers/styles.js
FNF:0
FNH:0
LF:0
LH:0
BRF:0
BRH:0
end_of_record
TN:
SF:/Users/wanheda/game/src/screens/StartGame/index.js
FN:18,StartGame
FN:28,(anonymous_1)
FN:32,(anonymous_2)
FN:41,(anonymous_3)
FNF:4
FNH:2
FNDA:3,StartGame
FNDA:6,(anonymous_1)
FNDA:0,(anonymous_2)
FNDA:0,(anonymous_3)
DA:24,3
DA:26,3
DA:28,6
DA:29,3
DA:31,3
DA:33,0
DA:34,0
DA:35,0
DA:41,3
DA:42,0
DA:45,3
DA:69,1
LF:12
LH:8
BRDA:34,0,0,0
BRDA:34,0,1,0
BRF:2
BRH:0
end_of_record
TN:
SF:/Users/wanheda/game/src/screens/StartGame/styles.js
FNF:0
FNH:0
LF:0
LH:0
BRF:0
BRH:0
end_of_record
